[INFO ] 2022-05-06 10:31:59.527 - Starting ErbApplication using Java 11.0.14 on c-59Q4RV2 with PID 13772 (C:\Users\t0263271\Desktop\erb-Intern-main\erb-Intern-main\target\classes started by t0263271 in C:\Users\t0263271\Desktop\erb-Intern-main\erb-Intern-main)
[DEBUG] 2022-05-06 10:31:59.541 - Running with Spring Boot v2.6.5, Spring v5.3.17
[INFO ] 2022-05-06 10:31:59.542 - No active profile set, falling back to 1 default profile: "default"
[INFO ] 2022-05-06 10:32:05.785 - Started ErbApplication in 6.8 seconds (JVM running for 8.388)
[DEBUG] 2022-05-06 10:32:05.795 - Hello from Log4j 2 - num : [1, 2, 3, 4, 5]
[DEBUG] 2022-05-06 10:32:05.801 - Hello from Log4j 2 - num : [1, 2, 3, 4, 5]
[INFO ] 2022-05-06 10:32:05.801 - Welcome
[INFO ] 2022-05-06 10:32:47.348 - UserController ::login  :: start
[INFO ] 2022-05-06 10:32:47.349 - UserController :: login :: end
[INFO ] 2022-05-06 10:32:55.322 - UserController :: login  :: start
[INFO ] 2022-05-06 10:32:55.699 - UserController ::login  :: end
[INFO ] 2022-05-06 10:32:55.721 - EmployeeController :: viewDashboard :: start
[INFO ] 2022-05-06 10:32:55.721 - ReferralServiceImpl :: getAllReferrals  :: executed
[INFO ] 2022-05-06 10:32:55.751 - ReferralRepositoryImpl :: findAll  :: start
[INFO ] 2022-05-06 10:32:55.890 - ReferralRepositoryImpl :: findAll  :: end
[INFO ] 2022-05-06 10:32:55.891 - EmployeeServiceImpl ::getAllEmployees  :: executed
[INFO ] 2022-05-06 10:32:55.909 - EmployeeRepositoryImpl :: findAll  :: start
[INFO ] 2022-05-06 10:32:55.940 - EmployeeRepositoryImpl :: findAll  :: end
[INFO ] 2022-05-06 10:32:55.942 - EmployeeController :: viewDashboard :: end
[INFO ] 2022-05-06 10:33:00.552 - ReferralController :: listReferrals :: start
[INFO ] 2022-05-06 10:33:00.553 - ReferralServiceImpl :: getAllReferrals  :: executed
[INFO ] 2022-05-06 10:33:00.553 - ReferralRepositoryImpl :: findAll  :: start
[INFO ] 2022-05-06 10:33:00.587 - ReferralRepositoryImpl :: findAll  :: end
[INFO ] 2022-05-06 10:33:00.587 - ReferralController :: listReferrals :: end
[INFO ] 2022-05-06 10:33:14.103 - EmployeeController :: listEmployees :: start
[INFO ] 2022-05-06 10:33:14.104 - EmployeeServiceImpl ::getAllEmployees  :: executed
[INFO ] 2022-05-06 10:33:14.105 - EmployeeRepositoryImpl :: findAll  :: start
[INFO ] 2022-05-06 10:33:14.127 - EmployeeRepositoryImpl :: findAll  :: end
[INFO ] 2022-05-06 10:33:14.128 - EmployeeController :: listEmployees :: end
[INFO ] 2022-05-06 10:33:22.527 - ReferralController :: createReferralForm :: start
[INFO ] 2022-05-06 10:33:22.527 - EmployeeServiceImpl ::getAllEmployees  :: executed
[INFO ] 2022-05-06 10:33:22.528 - EmployeeRepositoryImpl :: findAll  :: start
[INFO ] 2022-05-06 10:33:22.552 - EmployeeRepositoryImpl :: findAll  :: end
[INFO ] 2022-05-06 10:33:22.552 - ReferralController :: createReferralForm :: end
[INFO ] 2022-05-06 10:33:50.374 - ReferralController :: saveReferral :: start
[INFO ] 2022-05-06 10:33:50.374 - ReferralServiceImpl :: saveReferral  :: executed
[INFO ] 2022-05-06 10:33:50.375 - ReferralRepositoryImpl :: save  :: start
[INFO ] 2022-05-06 10:33:50.465 - ReferralRepositoryImpl :: save  :: end
[INFO ] 2022-05-06 10:33:50.465 - ReferralController :: saveReferral :: end
[INFO ] 2022-05-06 10:33:50.473 - ReferralController :: listReferrals :: start
[INFO ] 2022-05-06 10:33:50.473 - ReferralServiceImpl :: getAllReferrals  :: executed
[INFO ] 2022-05-06 10:33:50.473 - ReferralRepositoryImpl :: findAll  :: start
[INFO ] 2022-05-06 10:33:50.512 - ReferralRepositoryImpl :: findAll  :: end
[INFO ] 2022-05-06 10:33:50.513 - ReferralController :: listReferrals :: end
[INFO ] 2022-05-06 10:33:56.521 - EmployeeController :: listEmployees :: start
[INFO ] 2022-05-06 10:33:56.522 - EmployeeServiceImpl ::getAllEmployees  :: executed
[INFO ] 2022-05-06 10:33:56.522 - EmployeeRepositoryImpl :: findAll  :: start
[INFO ] 2022-05-06 10:33:56.543 - EmployeeRepositoryImpl :: findAll  :: end
[INFO ] 2022-05-06 10:33:56.544 - EmployeeController :: listEmployees :: end
[INFO ] 2022-05-06 10:33:59.711 - ReferralController :: listReferrals :: start
[INFO ] 2022-05-06 10:33:59.712 - ReferralServiceImpl :: getAllReferrals  :: executed
[INFO ] 2022-05-06 10:33:59.712 - ReferralRepositoryImpl :: findAll  :: start
[INFO ] 2022-05-06 10:33:59.751 - ReferralRepositoryImpl :: findAll  :: end
[INFO ] 2022-05-06 10:33:59.751 - ReferralController :: listReferrals :: end
[INFO ] 2022-05-06 10:34:02.620 - ReferralController :: editReferral :: start
[INFO ] 2022-05-06 10:34:02.620 - ReferralServiceImpl :: getReferralById :: executed
[INFO ] 2022-05-06 10:34:02.620 - ReferralRepositoryImpl :: findAll  :: start
[INFO ] 2022-05-06 10:34:02.631 - ReferralRepositoryImpl :: findById  :: end
[INFO ] 2022-05-06 10:34:02.631 - EmployeeServiceImpl ::getAllEmployees  :: executed
[INFO ] 2022-05-06 10:34:02.631 - EmployeeRepositoryImpl :: findAll  :: start
[INFO ] 2022-05-06 10:34:02.645 - EmployeeRepositoryImpl :: findAll  :: end
[INFO ] 2022-05-06 10:34:02.645 - ReferralController :: editReferral :: end
[INFO ] 2022-05-06 10:34:11.616 - ReferralController :: updateReferral :: start
[INFO ] 2022-05-06 10:34:11.616 - ReferralServiceImpl :: getReferralById :: executed
[INFO ] 2022-05-06 10:34:11.616 - ReferralRepositoryImpl :: findAll  :: start
[INFO ] 2022-05-06 10:34:11.625 - ReferralRepositoryImpl :: findById  :: end
[INFO ] 2022-05-06 10:34:11.625 - ReferralServiceImpl ::updateReferral  :: executed
[INFO ] 2022-05-06 10:34:11.625 - ReferralRepositoryImpl :: update  :: start
[INFO ] 2022-05-06 10:34:11.672 - ReferralRepositoryImpl :: update  :: end
[INFO ] 2022-05-06 10:34:11.672 - ReferralController ::updateReferral :: end
[INFO ] 2022-05-06 10:34:11.679 - ReferralController :: listReferrals :: start
[INFO ] 2022-05-06 10:34:11.679 - ReferralServiceImpl :: getAllReferrals  :: executed
[INFO ] 2022-05-06 10:34:11.679 - ReferralRepositoryImpl :: findAll  :: start
[INFO ] 2022-05-06 10:34:11.711 - ReferralRepositoryImpl :: findAll  :: end
[INFO ] 2022-05-06 10:34:11.712 - ReferralController :: listReferrals :: end
[INFO ] 2022-05-06 10:34:22.481 - ReferralController :: editReferral :: start
[INFO ] 2022-05-06 10:34:22.481 - ReferralServiceImpl :: getReferralById :: executed
[INFO ] 2022-05-06 10:34:22.481 - ReferralRepositoryImpl :: findAll  :: start
[INFO ] 2022-05-06 10:34:22.490 - ReferralRepositoryImpl :: findById  :: end
[INFO ] 2022-05-06 10:34:22.490 - EmployeeServiceImpl ::getAllEmployees  :: executed
[INFO ] 2022-05-06 10:34:22.490 - EmployeeRepositoryImpl :: findAll  :: start
[INFO ] 2022-05-06 10:34:22.512 - EmployeeRepositoryImpl :: findAll  :: end
[INFO ] 2022-05-06 10:34:22.512 - ReferralController :: editReferral :: end
[INFO ] 2022-05-06 10:34:25.891 - ReferralController :: updateReferral :: start
[INFO ] 2022-05-06 10:34:25.891 - ReferralServiceImpl :: getReferralById :: executed
[INFO ] 2022-05-06 10:34:25.891 - ReferralRepositoryImpl :: findAll  :: start
[INFO ] 2022-05-06 10:34:25.900 - ReferralRepositoryImpl :: findById  :: end
[INFO ] 2022-05-06 10:34:25.900 - ReferralServiceImpl ::updateReferral  :: executed
[INFO ] 2022-05-06 10:34:25.900 - ReferralRepositoryImpl :: update  :: start
[INFO ] 2022-05-06 10:34:25.939 - ReferralRepositoryImpl :: update  :: end
[INFO ] 2022-05-06 10:34:25.940 - ReferralController ::updateReferral :: end
[INFO ] 2022-05-06 10:34:25.945 - ReferralController :: listReferrals :: start
[INFO ] 2022-05-06 10:34:25.945 - ReferralServiceImpl :: getAllReferrals  :: executed
[INFO ] 2022-05-06 10:34:25.945 - ReferralRepositoryImpl :: findAll  :: start
[INFO ] 2022-05-06 10:34:25.967 - ReferralRepositoryImpl :: findAll  :: end
[INFO ] 2022-05-06 10:34:25.967 - ReferralController :: listReferrals :: end
[INFO ] 2022-05-06 10:34:28.745 - EmployeeController :: listEmployees :: start
[INFO ] 2022-05-06 10:34:28.745 - EmployeeServiceImpl ::getAllEmployees  :: executed
[INFO ] 2022-05-06 10:34:28.745 - EmployeeRepositoryImpl :: findAll  :: start
[INFO ] 2022-05-06 10:34:28.754 - EmployeeRepositoryImpl :: findAll  :: end
[INFO ] 2022-05-06 10:34:28.754 - EmployeeController :: listEmployees :: end
[INFO ] 2022-05-06 10:34:31.673 - ReferralController :: listReferrals :: start
[INFO ] 2022-05-06 10:34:31.673 - ReferralServiceImpl :: getAllReferrals  :: executed
[INFO ] 2022-05-06 10:34:31.674 - ReferralRepositoryImpl :: findAll  :: start
[INFO ] 2022-05-06 10:34:31.703 - ReferralRepositoryImpl :: findAll  :: end
[INFO ] 2022-05-06 10:34:31.703 - ReferralController :: listReferrals :: end
[INFO ] 2022-05-06 10:34:34.798 - ReferralController :: editReferral :: start
[INFO ] 2022-05-06 10:34:34.799 - ReferralServiceImpl :: getReferralById :: executed
[INFO ] 2022-05-06 10:34:34.799 - ReferralRepositoryImpl :: findAll  :: start
[INFO ] 2022-05-06 10:34:34.808 - ReferralRepositoryImpl :: findById  :: end
[INFO ] 2022-05-06 10:34:34.808 - EmployeeServiceImpl ::getAllEmployees  :: executed
[INFO ] 2022-05-06 10:34:34.808 - EmployeeRepositoryImpl :: findAll  :: start
[INFO ] 2022-05-06 10:34:34.821 - EmployeeRepositoryImpl :: findAll  :: end
[INFO ] 2022-05-06 10:34:34.821 - ReferralController :: editReferral :: end
[INFO ] 2022-05-06 10:34:53.571 - ReferralController :: updateReferral :: start
[INFO ] 2022-05-06 10:34:53.572 - ReferralServiceImpl :: getReferralById :: executed
[INFO ] 2022-05-06 10:34:53.572 - ReferralRepositoryImpl :: findAll  :: start
[INFO ] 2022-05-06 10:34:53.582 - ReferralRepositoryImpl :: findById  :: end
[INFO ] 2022-05-06 10:34:53.583 - ReferralServiceImpl ::updateReferral  :: executed
[INFO ] 2022-05-06 10:34:53.583 - ReferralRepositoryImpl :: update  :: start
[INFO ] 2022-05-06 10:34:53.620 - ReferralRepositoryImpl :: update  :: end
[INFO ] 2022-05-06 10:34:53.620 - ReferralController ::updateReferral :: end
[INFO ] 2022-05-06 10:34:53.628 - ReferralController :: listReferrals :: start
[INFO ] 2022-05-06 10:34:53.628 - ReferralServiceImpl :: getAllReferrals  :: executed
[INFO ] 2022-05-06 10:34:53.628 - ReferralRepositoryImpl :: findAll  :: start
[INFO ] 2022-05-06 10:34:53.655 - ReferralRepositoryImpl :: findAll  :: end
[INFO ] 2022-05-06 10:34:53.655 - ReferralController :: listReferrals :: end
[INFO ] 2022-05-06 10:34:57.788 - EmployeeController :: listEmployees :: start
[INFO ] 2022-05-06 10:34:57.790 - EmployeeServiceImpl ::getAllEmployees  :: executed
[INFO ] 2022-05-06 10:34:57.790 - EmployeeRepositoryImpl :: findAll  :: start
[INFO ] 2022-05-06 10:34:57.799 - EmployeeRepositoryImpl :: findAll  :: end
[INFO ] 2022-05-06 10:34:57.799 - EmployeeController :: listEmployees :: end
[INFO ] 2022-05-06 10:35:24.607 - ReferralController :: createReferralForm :: start
[INFO ] 2022-05-06 10:35:24.607 - EmployeeServiceImpl ::getAllEmployees  :: executed
[INFO ] 2022-05-06 10:35:24.607 - EmployeeRepositoryImpl :: findAll  :: start
[INFO ] 2022-05-06 10:35:24.617 - EmployeeRepositoryImpl :: findAll  :: end
[INFO ] 2022-05-06 10:35:24.618 - ReferralController :: createReferralForm :: end
[INFO ] 2022-05-06 10:35:49.942 - ReferralController :: saveReferral :: start
[INFO ] 2022-05-06 10:35:49.942 - ReferralServiceImpl :: saveReferral  :: executed
[INFO ] 2022-05-06 10:35:49.942 - ReferralRepositoryImpl :: save  :: start
[INFO ] 2022-05-06 10:35:49.966 - ReferralRepositoryImpl :: save  :: end
[INFO ] 2022-05-06 10:35:49.966 - ReferralController :: saveReferral :: end
[INFO ] 2022-05-06 10:35:49.974 - ReferralController :: listReferrals :: start
[INFO ] 2022-05-06 10:35:49.974 - ReferralServiceImpl :: getAllReferrals  :: executed
[INFO ] 2022-05-06 10:35:49.975 - ReferralRepositoryImpl :: findAll  :: start
[INFO ] 2022-05-06 10:35:49.996 - ReferralRepositoryImpl :: findAll  :: end
[INFO ] 2022-05-06 10:35:49.996 - ReferralController :: listReferrals :: end
[INFO ] 2022-05-06 10:35:51.989 - ReferralController :: editReferral :: start
[INFO ] 2022-05-06 10:35:51.990 - ReferralServiceImpl :: getReferralById :: executed
[INFO ] 2022-05-06 10:35:51.990 - ReferralRepositoryImpl :: findAll  :: start
[INFO ] 2022-05-06 10:35:52.001 - ReferralRepositoryImpl :: findById  :: end
[INFO ] 2022-05-06 10:35:52.001 - EmployeeServiceImpl ::getAllEmployees  :: executed
[INFO ] 2022-05-06 10:35:52.001 - EmployeeRepositoryImpl :: findAll  :: start
[INFO ] 2022-05-06 10:35:52.013 - EmployeeRepositoryImpl :: findAll  :: end
[INFO ] 2022-05-06 10:35:52.013 - ReferralController :: editReferral :: end
[INFO ] 2022-05-06 10:35:56.346 - ReferralController :: updateReferral :: start
[INFO ] 2022-05-06 10:35:56.346 - ReferralServiceImpl :: getReferralById :: executed
[INFO ] 2022-05-06 10:35:56.347 - ReferralRepositoryImpl :: findAll  :: start
[INFO ] 2022-05-06 10:35:56.358 - ReferralRepositoryImpl :: findById  :: end
[INFO ] 2022-05-06 10:35:56.358 - ReferralServiceImpl ::updateReferral  :: executed
[INFO ] 2022-05-06 10:35:56.358 - ReferralRepositoryImpl :: update  :: start
[INFO ] 2022-05-06 10:35:56.399 - ReferralRepositoryImpl :: update  :: end
[INFO ] 2022-05-06 10:35:56.399 - ReferralController ::updateReferral :: end
[INFO ] 2022-05-06 10:35:56.406 - ReferralController :: listReferrals :: start
[INFO ] 2022-05-06 10:35:56.407 - ReferralServiceImpl :: getAllReferrals  :: executed
[INFO ] 2022-05-06 10:35:56.407 - ReferralRepositoryImpl :: findAll  :: start
[INFO ] 2022-05-06 10:35:56.430 - ReferralRepositoryImpl :: findAll  :: end
[INFO ] 2022-05-06 10:35:56.430 - ReferralController :: listReferrals :: end
[INFO ] 2022-05-06 10:36:01.692 - EmployeeController :: listEmployees :: start
[INFO ] 2022-05-06 10:36:01.693 - EmployeeServiceImpl ::getAllEmployees  :: executed
[INFO ] 2022-05-06 10:36:01.693 - EmployeeRepositoryImpl :: findAll  :: start
[INFO ] 2022-05-06 10:36:01.700 - EmployeeRepositoryImpl :: findAll  :: end
[INFO ] 2022-05-06 10:36:01.700 - EmployeeController :: listEmployees :: end
[INFO ] 2022-05-06 10:36:32.178 - ReferralController :: listReferrals :: start
[INFO ] 2022-05-06 10:36:32.179 - ReferralServiceImpl :: getAllReferrals  :: executed
[INFO ] 2022-05-06 10:36:32.179 - ReferralRepositoryImpl :: findAll  :: start
[INFO ] 2022-05-06 10:36:32.205 - ReferralRepositoryImpl :: findAll  :: end
[INFO ] 2022-05-06 10:36:32.205 - ReferralController :: listReferrals :: end
[INFO ] 2022-05-06 10:36:35.527 - ReferralController :: editReferral :: start
[INFO ] 2022-05-06 10:36:35.527 - ReferralServiceImpl :: getReferralById :: executed
[INFO ] 2022-05-06 10:36:35.528 - ReferralRepositoryImpl :: findAll  :: start
[INFO ] 2022-05-06 10:36:35.537 - ReferralRepositoryImpl :: findById  :: end
[INFO ] 2022-05-06 10:36:35.538 - EmployeeServiceImpl ::getAllEmployees  :: executed
[INFO ] 2022-05-06 10:36:35.538 - EmployeeRepositoryImpl :: findAll  :: start
[INFO ] 2022-05-06 10:36:35.549 - EmployeeRepositoryImpl :: findAll  :: end
[INFO ] 2022-05-06 10:36:35.549 - ReferralController :: editReferral :: end
[INFO ] 2022-05-06 10:36:45.796 - ReferralController :: updateReferral :: start
[INFO ] 2022-05-06 10:36:45.796 - ReferralServiceImpl :: getReferralById :: executed
[INFO ] 2022-05-06 10:36:45.797 - ReferralRepositoryImpl :: findAll  :: start
[INFO ] 2022-05-06 10:36:45.805 - ReferralRepositoryImpl :: findById  :: end
[INFO ] 2022-05-06 10:36:45.805 - ReferralServiceImpl ::updateReferral  :: executed
[INFO ] 2022-05-06 10:36:45.805 - ReferralRepositoryImpl :: update  :: start
[INFO ] 2022-05-06 10:36:45.836 - ReferralRepositoryImpl :: update  :: end
[INFO ] 2022-05-06 10:36:45.836 - ReferralController ::updateReferral :: end
[INFO ] 2022-05-06 10:36:45.842 - ReferralController :: listReferrals :: start
[INFO ] 2022-05-06 10:36:45.842 - ReferralServiceImpl :: getAllReferrals  :: executed
[INFO ] 2022-05-06 10:36:45.842 - ReferralRepositoryImpl :: findAll  :: start
[INFO ] 2022-05-06 10:36:45.865 - ReferralRepositoryImpl :: findAll  :: end
[INFO ] 2022-05-06 10:36:45.865 - ReferralController :: listReferrals :: end
[INFO ] 2022-05-06 10:36:49.938 - EmployeeController :: listEmployees :: start
[INFO ] 2022-05-06 10:36:49.939 - EmployeeServiceImpl ::getAllEmployees  :: executed
[INFO ] 2022-05-06 10:36:49.939 - EmployeeRepositoryImpl :: findAll  :: start
[INFO ] 2022-05-06 10:36:49.955 - EmployeeRepositoryImpl :: findAll  :: end
[INFO ] 2022-05-06 10:36:49.955 - EmployeeController :: listEmployees :: end
[INFO ] 2022-05-06 11:10:37.044 - ReferralController :: createReferralForm :: start
[INFO ] 2022-05-06 11:10:37.045 - EmployeeServiceImpl ::getAllEmployees  :: executed
[INFO ] 2022-05-06 11:10:37.045 - EmployeeRepositoryImpl :: findAll  :: start
[INFO ] 2022-05-06 11:10:37.057 - EmployeeRepositoryImpl :: findAll  :: end
[INFO ] 2022-05-06 11:10:37.057 - ReferralController :: createReferralForm :: end
[INFO ] 2022-05-06 11:11:00.927 - ReferralController :: saveReferral :: start
[INFO ] 2022-05-06 11:11:00.927 - ReferralServiceImpl :: saveReferral  :: executed
[INFO ] 2022-05-06 11:11:00.927 - ReferralRepositoryImpl :: save  :: start
[INFO ] 2022-05-06 11:11:00.955 - ReferralRepositoryImpl :: save  :: end
[INFO ] 2022-05-06 11:11:00.956 - ReferralController :: saveReferral :: end
[INFO ] 2022-05-06 11:11:00.962 - ReferralController :: listReferrals :: start
[INFO ] 2022-05-06 11:11:00.963 - ReferralServiceImpl :: getAllReferrals  :: executed
[INFO ] 2022-05-06 11:11:00.963 - ReferralRepositoryImpl :: findAll  :: start
[INFO ] 2022-05-06 11:11:00.983 - ReferralRepositoryImpl :: findAll  :: end
[INFO ] 2022-05-06 11:11:00.983 - ReferralController :: listReferrals :: end
[INFO ] 2022-05-06 11:11:07.179 - EmployeeController :: listEmployees :: start
[INFO ] 2022-05-06 11:11:07.179 - EmployeeServiceImpl ::getAllEmployees  :: executed
[INFO ] 2022-05-06 11:11:07.179 - EmployeeRepositoryImpl :: findAll  :: start
[INFO ] 2022-05-06 11:11:07.193 - EmployeeRepositoryImpl :: findAll  :: end
[INFO ] 2022-05-06 11:11:07.194 - EmployeeController :: listEmployees :: end
[INFO ] 2022-05-06 11:11:12.555 - ReferralController :: listReferrals :: start
[INFO ] 2022-05-06 11:11:12.556 - ReferralServiceImpl :: getAllReferrals  :: executed
[INFO ] 2022-05-06 11:11:12.556 - ReferralRepositoryImpl :: findAll  :: start
[INFO ] 2022-05-06 11:11:12.582 - ReferralRepositoryImpl :: findAll  :: end
[INFO ] 2022-05-06 11:11:12.582 - ReferralController :: listReferrals :: end
[INFO ] 2022-05-06 11:11:15.500 - ReferralController :: editReferral :: start
[INFO ] 2022-05-06 11:11:15.500 - ReferralServiceImpl :: getReferralById :: executed
[INFO ] 2022-05-06 11:11:15.500 - ReferralRepositoryImpl :: findAll  :: start
[INFO ] 2022-05-06 11:11:15.506 - ReferralRepositoryImpl :: findById  :: end
[INFO ] 2022-05-06 11:11:15.507 - EmployeeServiceImpl ::getAllEmployees  :: executed
[INFO ] 2022-05-06 11:11:15.507 - EmployeeRepositoryImpl :: findAll  :: start
[INFO ] 2022-05-06 11:11:15.514 - EmployeeRepositoryImpl :: findAll  :: end
[INFO ] 2022-05-06 11:11:15.514 - ReferralController :: editReferral :: end
[INFO ] 2022-05-06 11:11:21.882 - ReferralController :: updateReferral :: start
[INFO ] 2022-05-06 11:11:21.883 - ReferralServiceImpl :: getReferralById :: executed
[INFO ] 2022-05-06 11:11:21.883 - ReferralRepositoryImpl :: findAll  :: start
[INFO ] 2022-05-06 11:11:21.891 - ReferralRepositoryImpl :: findById  :: end
[INFO ] 2022-05-06 11:11:21.891 - ReferralServiceImpl ::updateReferral  :: executed
[INFO ] 2022-05-06 11:11:21.891 - ReferralRepositoryImpl :: update  :: start
[INFO ] 2022-05-06 11:11:21.921 - ReferralRepositoryImpl :: update  :: end
[INFO ] 2022-05-06 11:11:21.921 - ReferralController ::updateReferral :: end
[INFO ] 2022-05-06 11:11:21.929 - ReferralController :: listReferrals :: start
[INFO ] 2022-05-06 11:11:21.929 - ReferralServiceImpl :: getAllReferrals  :: executed
[INFO ] 2022-05-06 11:11:21.929 - ReferralRepositoryImpl :: findAll  :: start
[INFO ] 2022-05-06 11:11:21.952 - ReferralRepositoryImpl :: findAll  :: end
[INFO ] 2022-05-06 11:11:21.952 - ReferralController :: listReferrals :: end
[INFO ] 2022-05-06 11:11:24.516 - EmployeeController :: listEmployees :: start
[INFO ] 2022-05-06 11:11:24.516 - EmployeeServiceImpl ::getAllEmployees  :: executed
[INFO ] 2022-05-06 11:11:24.516 - EmployeeRepositoryImpl :: findAll  :: start
[INFO ] 2022-05-06 11:11:24.534 - EmployeeRepositoryImpl :: findAll  :: end
[INFO ] 2022-05-06 11:11:24.535 - EmployeeController :: listEmployees :: end
[INFO ] 2022-05-06 11:11:27.676 - ReferralController :: listReferrals :: start
[INFO ] 2022-05-06 11:11:27.677 - ReferralServiceImpl :: getAllReferrals  :: executed
[INFO ] 2022-05-06 11:11:27.677 - ReferralRepositoryImpl :: findAll  :: start
[INFO ] 2022-05-06 11:11:27.703 - ReferralRepositoryImpl :: findAll  :: end
[INFO ] 2022-05-06 11:11:27.703 - ReferralController :: listReferrals :: end
[INFO ] 2022-05-06 11:11:30.421 - ReferralController :: editReferral :: start
[INFO ] 2022-05-06 11:11:30.421 - ReferralServiceImpl :: getReferralById :: executed
[INFO ] 2022-05-06 11:11:30.421 - ReferralRepositoryImpl :: findAll  :: start
[INFO ] 2022-05-06 11:11:30.429 - ReferralRepositoryImpl :: findById  :: end
[INFO ] 2022-05-06 11:11:30.429 - EmployeeServiceImpl ::getAllEmployees  :: executed
[INFO ] 2022-05-06 11:11:30.429 - EmployeeRepositoryImpl :: findAll  :: start
[INFO ] 2022-05-06 11:11:30.436 - EmployeeRepositoryImpl :: findAll  :: end
[INFO ] 2022-05-06 11:11:30.436 - ReferralController :: editReferral :: end
[INFO ] 2022-05-06 11:11:35.236 - ReferralController :: updateReferral :: start
[INFO ] 2022-05-06 11:11:35.236 - ReferralServiceImpl :: getReferralById :: executed
[INFO ] 2022-05-06 11:11:35.236 - ReferralRepositoryImpl :: findAll  :: start
[INFO ] 2022-05-06 11:11:35.242 - ReferralRepositoryImpl :: findById  :: end
[INFO ] 2022-05-06 11:11:35.242 - ReferralServiceImpl ::updateReferral  :: executed
[INFO ] 2022-05-06 11:11:35.242 - ReferralRepositoryImpl :: update  :: start
[INFO ] 2022-05-06 11:11:35.273 - ReferralRepositoryImpl :: update  :: end
[INFO ] 2022-05-06 11:11:35.273 - ReferralController ::updateReferral :: end
[INFO ] 2022-05-06 11:11:35.281 - ReferralController :: listReferrals :: start
[INFO ] 2022-05-06 11:11:35.281 - ReferralServiceImpl :: getAllReferrals  :: executed
[INFO ] 2022-05-06 11:11:35.282 - ReferralRepositoryImpl :: findAll  :: start
[INFO ] 2022-05-06 11:11:35.303 - ReferralRepositoryImpl :: findAll  :: end
[INFO ] 2022-05-06 11:11:35.303 - ReferralController :: listReferrals :: end
[INFO ] 2022-05-06 11:11:58.590 - EmployeeController :: listEmployees :: start
[INFO ] 2022-05-06 11:11:58.590 - EmployeeServiceImpl ::getAllEmployees  :: executed
[INFO ] 2022-05-06 11:11:58.590 - EmployeeRepositoryImpl :: findAll  :: start
[INFO ] 2022-05-06 11:11:58.607 - EmployeeRepositoryImpl :: findAll  :: end
[INFO ] 2022-05-06 11:11:58.608 - EmployeeController :: listEmployees :: end
[INFO ] 2022-05-06 11:12:17.946 - ReferralController :: createReferralForm :: start
[INFO ] 2022-05-06 11:12:17.946 - EmployeeServiceImpl ::getAllEmployees  :: executed
[INFO ] 2022-05-06 11:12:17.946 - EmployeeRepositoryImpl :: findAll  :: start
[INFO ] 2022-05-06 11:12:17.953 - EmployeeRepositoryImpl :: findAll  :: end
[INFO ] 2022-05-06 11:12:17.953 - ReferralController :: createReferralForm :: end
[INFO ] 2022-05-06 11:12:40.704 - ReferralController :: saveReferral :: start
[INFO ] 2022-05-06 11:12:40.704 - ReferralServiceImpl :: saveReferral  :: executed
[INFO ] 2022-05-06 11:12:40.705 - ReferralRepositoryImpl :: save  :: start
[INFO ] 2022-05-06 11:12:40.730 - ReferralRepositoryImpl :: save  :: end
[INFO ] 2022-05-06 11:12:40.731 - ReferralController :: saveReferral :: end
[INFO ] 2022-05-06 11:12:40.736 - ReferralController :: listReferrals :: start
[INFO ] 2022-05-06 11:12:40.736 - ReferralServiceImpl :: getAllReferrals  :: executed
[INFO ] 2022-05-06 11:12:40.736 - ReferralRepositoryImpl :: findAll  :: start
[INFO ] 2022-05-06 11:12:40.751 - ReferralRepositoryImpl :: findAll  :: end
[INFO ] 2022-05-06 11:12:40.751 - ReferralController :: listReferrals :: end
[INFO ] 2022-05-06 11:12:47.850 - ReferralController :: editReferral :: start
[INFO ] 2022-05-06 11:12:47.850 - ReferralServiceImpl :: getReferralById :: executed
[INFO ] 2022-05-06 11:12:47.851 - ReferralRepositoryImpl :: findAll  :: start
[INFO ] 2022-05-06 11:12:47.858 - ReferralRepositoryImpl :: findById  :: end
[INFO ] 2022-05-06 11:12:47.858 - EmployeeServiceImpl ::getAllEmployees  :: executed
[INFO ] 2022-05-06 11:12:47.858 - EmployeeRepositoryImpl :: findAll  :: start
[INFO ] 2022-05-06 11:12:47.863 - EmployeeRepositoryImpl :: findAll  :: end
[INFO ] 2022-05-06 11:12:47.863 - ReferralController :: editReferral :: end
[INFO ] 2022-05-06 11:12:54.275 - ReferralController :: updateReferral :: start
[INFO ] 2022-05-06 11:12:54.276 - ReferralServiceImpl :: getReferralById :: executed
[INFO ] 2022-05-06 11:12:54.276 - ReferralRepositoryImpl :: findAll  :: start
[INFO ] 2022-05-06 11:12:54.284 - ReferralRepositoryImpl :: findById  :: end
[INFO ] 2022-05-06 11:12:54.284 - ReferralServiceImpl ::updateReferral  :: executed
[INFO ] 2022-05-06 11:12:54.284 - ReferralRepositoryImpl :: update  :: start
[INFO ] 2022-05-06 11:12:54.315 - ReferralRepositoryImpl :: update  :: end
[INFO ] 2022-05-06 11:12:54.315 - ReferralController ::updateReferral :: end
[INFO ] 2022-05-06 11:12:54.323 - ReferralController :: listReferrals :: start
[INFO ] 2022-05-06 11:12:54.323 - ReferralServiceImpl :: getAllReferrals  :: executed
[INFO ] 2022-05-06 11:12:54.323 - ReferralRepositoryImpl :: findAll  :: start
[INFO ] 2022-05-06 11:12:54.343 - ReferralRepositoryImpl :: findAll  :: end
[INFO ] 2022-05-06 11:12:54.343 - ReferralController :: listReferrals :: end
[INFO ] 2022-05-06 11:12:59.414 - EmployeeController :: listEmployees :: start
[INFO ] 2022-05-06 11:12:59.414 - EmployeeServiceImpl ::getAllEmployees  :: executed
[INFO ] 2022-05-06 11:12:59.414 - EmployeeRepositoryImpl :: findAll  :: start
[INFO ] 2022-05-06 11:12:59.426 - EmployeeRepositoryImpl :: findAll  :: end
[INFO ] 2022-05-06 11:12:59.426 - EmployeeController :: listEmployees :: end
[INFO ] 2022-05-06 11:13:05.415 - EmployeeController :: viewReferrals :: start
[INFO ] 2022-05-06 11:13:05.415 - EmployeeServiceImpl :: getEmployeeById  :: executed
[INFO ] 2022-05-06 11:13:05.415 - EmployeeRepositoryImpl :: findById  :: start
[INFO ] 2022-05-06 11:13:05.420 - EmployeeRepositoryImpl :: findById  :: end
[INFO ] 2022-05-06 11:13:05.421 - EmployeeController :: viewReferrals :: end
[INFO ] 2022-05-06 11:13:32.074 - ReferralController :: createReferralForm :: start
[INFO ] 2022-05-06 11:13:32.074 - EmployeeServiceImpl ::getAllEmployees  :: executed
[INFO ] 2022-05-06 11:13:32.074 - EmployeeRepositoryImpl :: findAll  :: start
[INFO ] 2022-05-06 11:13:32.080 - EmployeeRepositoryImpl :: findAll  :: end
[INFO ] 2022-05-06 11:13:32.080 - ReferralController :: createReferralForm :: end
[INFO ] 2022-05-06 11:13:52.407 - ReferralController :: saveReferral :: start
[INFO ] 2022-05-06 11:13:52.407 - ReferralServiceImpl :: saveReferral  :: executed
[INFO ] 2022-05-06 11:13:52.407 - ReferralRepositoryImpl :: save  :: start
[INFO ] 2022-05-06 11:13:52.439 - ReferralRepositoryImpl :: save  :: end
[INFO ] 2022-05-06 11:13:52.440 - ReferralController :: saveReferral :: end
[INFO ] 2022-05-06 11:13:52.446 - ReferralController :: listReferrals :: start
[INFO ] 2022-05-06 11:13:52.446 - ReferralServiceImpl :: getAllReferrals  :: executed
[INFO ] 2022-05-06 11:13:52.446 - ReferralRepositoryImpl :: findAll  :: start
[INFO ] 2022-05-06 11:13:52.466 - ReferralRepositoryImpl :: findAll  :: end
[INFO ] 2022-05-06 11:13:52.466 - ReferralController :: listReferrals :: end
[INFO ] 2022-05-06 11:13:55.146 - ReferralController :: editReferral :: start
[INFO ] 2022-05-06 11:13:55.146 - ReferralServiceImpl :: getReferralById :: executed
[INFO ] 2022-05-06 11:13:55.146 - ReferralRepositoryImpl :: findAll  :: start
[INFO ] 2022-05-06 11:13:55.152 - ReferralRepositoryImpl :: findById  :: end
[INFO ] 2022-05-06 11:13:55.152 - EmployeeServiceImpl ::getAllEmployees  :: executed
[INFO ] 2022-05-06 11:13:55.153 - EmployeeRepositoryImpl :: findAll  :: start
[INFO ] 2022-05-06 11:13:55.159 - EmployeeRepositoryImpl :: findAll  :: end
[INFO ] 2022-05-06 11:13:55.159 - ReferralController :: editReferral :: end
[INFO ] 2022-05-06 11:14:24.176 - ReferralController :: updateReferral :: start
[INFO ] 2022-05-06 11:14:24.176 - ReferralServiceImpl :: getReferralById :: executed
[INFO ] 2022-05-06 11:14:24.176 - ReferralRepositoryImpl :: findAll  :: start
[INFO ] 2022-05-06 11:14:24.184 - ReferralRepositoryImpl :: findById  :: end
[INFO ] 2022-05-06 11:14:24.184 - ReferralServiceImpl ::updateReferral  :: executed
[INFO ] 2022-05-06 11:14:24.184 - ReferralRepositoryImpl :: update  :: start
[INFO ] 2022-05-06 11:14:24.216 - ReferralRepositoryImpl :: update  :: end
[INFO ] 2022-05-06 11:14:24.216 - ReferralController ::updateReferral :: end
[INFO ] 2022-05-06 11:14:24.222 - ReferralController :: listReferrals :: start
[INFO ] 2022-05-06 11:14:24.222 - ReferralServiceImpl :: getAllReferrals  :: executed
[INFO ] 2022-05-06 11:14:24.222 - ReferralRepositoryImpl :: findAll  :: start
[INFO ] 2022-05-06 11:14:24.240 - ReferralRepositoryImpl :: findAll  :: end
[INFO ] 2022-05-06 11:14:24.240 - ReferralController :: listReferrals :: end
[INFO ] 2022-05-06 11:14:29.604 - EmployeeController :: listEmployees :: start
[INFO ] 2022-05-06 11:14:29.605 - EmployeeServiceImpl ::getAllEmployees  :: executed
[INFO ] 2022-05-06 11:14:29.605 - EmployeeRepositoryImpl :: findAll  :: start
[INFO ] 2022-05-06 11:14:29.617 - EmployeeRepositoryImpl :: findAll  :: end
[INFO ] 2022-05-06 11:14:29.617 - EmployeeController :: listEmployees :: end
[INFO ] 2022-05-06 11:14:31.622 - EmployeeController :: viewReferrals :: start
[INFO ] 2022-05-06 11:14:31.622 - EmployeeServiceImpl :: getEmployeeById  :: executed
[INFO ] 2022-05-06 11:14:31.622 - EmployeeRepositoryImpl :: findById  :: start
[INFO ] 2022-05-06 11:14:31.626 - EmployeeRepositoryImpl :: findById  :: end
[INFO ] 2022-05-06 11:14:31.626 - EmployeeController :: viewReferrals :: end
[INFO ] 2022-05-06 11:15:01.681 - ReferralController :: createReferralForm :: start
[INFO ] 2022-05-06 11:15:01.681 - EmployeeServiceImpl ::getAllEmployees  :: executed
[INFO ] 2022-05-06 11:15:01.681 - EmployeeRepositoryImpl :: findAll  :: start
[INFO ] 2022-05-06 11:15:01.687 - EmployeeRepositoryImpl :: findAll  :: end
[INFO ] 2022-05-06 11:15:01.687 - ReferralController :: createReferralForm :: end
[INFO ] 2022-05-06 11:16:02.306 - ReferralController :: saveReferral :: start
[INFO ] 2022-05-06 11:16:02.306 - ReferralServiceImpl :: saveReferral  :: executed
[INFO ] 2022-05-06 11:16:02.306 - ReferralRepositoryImpl :: save  :: start
[INFO ] 2022-05-06 11:16:02.333 - ReferralRepositoryImpl :: save  :: end
[INFO ] 2022-05-06 11:16:02.334 - ReferralController :: saveReferral :: end
[INFO ] 2022-05-06 11:16:02.340 - ReferralController :: listReferrals :: start
[INFO ] 2022-05-06 11:16:02.340 - ReferralServiceImpl :: getAllReferrals  :: executed
[INFO ] 2022-05-06 11:16:02.340 - ReferralRepositoryImpl :: findAll  :: start
[INFO ] 2022-05-06 11:16:02.358 - ReferralRepositoryImpl :: findAll  :: end
[INFO ] 2022-05-06 11:16:02.358 - ReferralController :: listReferrals :: end
[INFO ] 2022-05-06 11:16:06.647 - ReferralController :: saveReferral :: start
[INFO ] 2022-05-06 11:16:06.647 - ReferralServiceImpl :: saveReferral  :: executed
[INFO ] 2022-05-06 11:16:06.647 - ReferralRepositoryImpl :: save  :: start
[INFO ] 2022-05-06 11:16:30.988 - ReferralController :: saveReferral :: start
[INFO ] 2022-05-06 11:16:30.988 - ReferralServiceImpl :: saveReferral  :: executed
[INFO ] 2022-05-06 11:16:30.988 - ReferralRepositoryImpl :: save  :: start
[INFO ] 2022-05-06 11:17:07.941 - ReferralController :: saveReferral :: start
[INFO ] 2022-05-06 11:17:07.941 - ReferralServiceImpl :: saveReferral  :: executed
[INFO ] 2022-05-06 11:17:07.941 - ReferralRepositoryImpl :: save  :: start
[INFO ] 2022-05-06 11:17:11.926 - EmployeeController :: viewReferrals :: start
[INFO ] 2022-05-06 11:17:11.926 - EmployeeServiceImpl :: getEmployeeById  :: executed
[INFO ] 2022-05-06 11:17:11.926 - EmployeeRepositoryImpl :: findById  :: start
[INFO ] 2022-05-06 11:17:11.930 - EmployeeRepositoryImpl :: findById  :: end
[INFO ] 2022-05-06 11:17:11.930 - EmployeeController :: viewReferrals :: end
[INFO ] 2022-05-06 11:17:20.046 - EmployeeController :: listEmployees :: start
[INFO ] 2022-05-06 11:17:20.047 - EmployeeServiceImpl ::getAllEmployees  :: executed
[INFO ] 2022-05-06 11:17:20.047 - EmployeeRepositoryImpl :: findAll  :: start
[INFO ] 2022-05-06 11:17:20.058 - EmployeeRepositoryImpl :: findAll  :: end
[INFO ] 2022-05-06 11:17:20.058 - EmployeeController :: listEmployees :: end
[INFO ] 2022-05-06 11:17:26.085 - EmployeeController :: viewReferrals :: start
[INFO ] 2022-05-06 11:17:26.085 - EmployeeServiceImpl :: getEmployeeById  :: executed
[INFO ] 2022-05-06 11:17:26.085 - EmployeeRepositoryImpl :: findById  :: start
[INFO ] 2022-05-06 11:17:26.090 - EmployeeRepositoryImpl :: findById  :: end
[INFO ] 2022-05-06 11:17:26.090 - EmployeeController :: viewReferrals :: end
[INFO ] 2022-05-06 11:17:43.749 - ReferralController :: listReferrals :: start
[INFO ] 2022-05-06 11:17:43.749 - ReferralServiceImpl :: getAllReferrals  :: executed
[INFO ] 2022-05-06 11:17:43.749 - ReferralRepositoryImpl :: findAll  :: start
[INFO ] 2022-05-06 11:17:43.764 - ReferralRepositoryImpl :: findAll  :: end
[INFO ] 2022-05-06 11:17:43.764 - ReferralController :: listReferrals :: end
[INFO ] 2022-05-06 11:17:54.950 - ReferralController :: editReferral :: start
[INFO ] 2022-05-06 11:17:54.950 - ReferralServiceImpl :: getReferralById :: executed
[INFO ] 2022-05-06 11:17:54.950 - ReferralRepositoryImpl :: findAll  :: start
[INFO ] 2022-05-06 11:17:54.956 - ReferralRepositoryImpl :: findById  :: end
[INFO ] 2022-05-06 11:17:54.956 - EmployeeServiceImpl ::getAllEmployees  :: executed
[INFO ] 2022-05-06 11:17:54.956 - EmployeeRepositoryImpl :: findAll  :: start
[INFO ] 2022-05-06 11:17:54.966 - EmployeeRepositoryImpl :: findAll  :: end
[INFO ] 2022-05-06 11:17:54.966 - ReferralController :: editReferral :: end
[INFO ] 2022-05-06 11:18:12.731 - ReferralController :: updateReferral :: start
[INFO ] 2022-05-06 11:18:12.731 - ReferralServiceImpl :: getReferralById :: executed
[INFO ] 2022-05-06 11:18:12.731 - ReferralRepositoryImpl :: findAll  :: start
[INFO ] 2022-05-06 11:18:12.739 - ReferralRepositoryImpl :: findById  :: end
[INFO ] 2022-05-06 11:18:12.739 - ReferralServiceImpl ::updateReferral  :: executed
[INFO ] 2022-05-06 11:18:12.739 - ReferralRepositoryImpl :: update  :: start
[INFO ] 2022-05-06 11:18:12.766 - ReferralRepositoryImpl :: update  :: end
[INFO ] 2022-05-06 11:18:12.766 - ReferralController ::updateReferral :: end
[INFO ] 2022-05-06 11:18:12.770 - ReferralController :: listReferrals :: start
[INFO ] 2022-05-06 11:18:12.770 - ReferralServiceImpl :: getAllReferrals  :: executed
[INFO ] 2022-05-06 11:18:12.770 - ReferralRepositoryImpl :: findAll  :: start
[INFO ] 2022-05-06 11:18:12.787 - ReferralRepositoryImpl :: findAll  :: end
[INFO ] 2022-05-06 11:18:12.787 - ReferralController :: listReferrals :: end
[INFO ] 2022-05-06 11:18:50.123 - EmployeeController :: listEmployees :: start
[INFO ] 2022-05-06 11:18:50.123 - EmployeeServiceImpl ::getAllEmployees  :: executed
[INFO ] 2022-05-06 11:18:50.123 - EmployeeRepositoryImpl :: findAll  :: start
[INFO ] 2022-05-06 11:18:50.136 - EmployeeRepositoryImpl :: findAll  :: end
[INFO ] 2022-05-06 11:18:50.136 - EmployeeController :: listEmployees :: end
[INFO ] 2022-05-06 11:18:52.482 - EmployeeController :: viewReferrals :: start
[INFO ] 2022-05-06 11:18:52.482 - EmployeeServiceImpl :: getEmployeeById  :: executed
[INFO ] 2022-05-06 11:18:52.482 - EmployeeRepositoryImpl :: findById  :: start
[INFO ] 2022-05-06 11:18:52.487 - EmployeeRepositoryImpl :: findById  :: end
[INFO ] 2022-05-06 11:18:52.487 - EmployeeController :: viewReferrals :: end
[INFO ] 2022-05-06 11:20:24.888 - ReferralController :: createReferralForm :: start
[INFO ] 2022-05-06 11:20:24.888 - EmployeeServiceImpl ::getAllEmployees  :: executed
[INFO ] 2022-05-06 11:20:24.888 - EmployeeRepositoryImpl :: findAll  :: start
[INFO ] 2022-05-06 11:20:24.893 - EmployeeRepositoryImpl :: findAll  :: end
[INFO ] 2022-05-06 11:20:24.893 - ReferralController :: createReferralForm :: end
[INFO ] 2022-05-06 11:20:46.370 - ReferralController :: saveReferral :: start
[INFO ] 2022-05-06 11:20:46.371 - ReferralServiceImpl :: saveReferral  :: executed
[INFO ] 2022-05-06 11:20:46.371 - ReferralRepositoryImpl :: save  :: start
[INFO ] 2022-05-06 11:20:59.628 - ReferralController :: saveReferral :: start
[INFO ] 2022-05-06 11:20:59.628 - ReferralServiceImpl :: saveReferral  :: executed
[INFO ] 2022-05-06 11:20:59.628 - ReferralRepositoryImpl :: save  :: start
[INFO ] 2022-05-06 11:21:12.196 - EmployeeController :: listEmployees :: start
[INFO ] 2022-05-06 11:21:12.196 - EmployeeServiceImpl ::getAllEmployees  :: executed
[INFO ] 2022-05-06 11:21:12.197 - EmployeeRepositoryImpl :: findAll  :: start
[INFO ] 2022-05-06 11:21:12.205 - EmployeeRepositoryImpl :: findAll  :: end
[INFO ] 2022-05-06 11:21:12.206 - EmployeeController :: listEmployees :: end
[INFO ] 2022-05-06 11:21:15.711 - EmployeeController :: viewReferrals :: start
[INFO ] 2022-05-06 11:21:15.711 - EmployeeServiceImpl :: getEmployeeById  :: executed
[INFO ] 2022-05-06 11:21:15.711 - EmployeeRepositoryImpl :: findById  :: start
[INFO ] 2022-05-06 11:21:15.718 - EmployeeRepositoryImpl :: findById  :: end
[INFO ] 2022-05-06 11:21:15.718 - EmployeeController :: viewReferrals :: end
[INFO ] 2022-05-06 11:21:23.209 - ReferralController :: listReferrals :: start
[INFO ] 2022-05-06 11:21:23.210 - ReferralServiceImpl :: getAllReferrals  :: executed
[INFO ] 2022-05-06 11:21:23.210 - ReferralRepositoryImpl :: findAll  :: start
[INFO ] 2022-05-06 11:21:23.234 - ReferralRepositoryImpl :: findAll  :: end
[INFO ] 2022-05-06 11:21:23.234 - ReferralController :: listReferrals :: end
[INFO ] 2022-05-06 11:21:28.162 - ReferralController :: createReferralForm :: start
[INFO ] 2022-05-06 11:21:28.162 - EmployeeServiceImpl ::getAllEmployees  :: executed
[INFO ] 2022-05-06 11:21:28.162 - EmployeeRepositoryImpl :: findAll  :: start
[INFO ] 2022-05-06 11:21:28.169 - EmployeeRepositoryImpl :: findAll  :: end
[INFO ] 2022-05-06 11:21:28.169 - ReferralController :: createReferralForm :: end
[INFO ] 2022-05-06 11:22:02.759 - ReferralController :: saveReferral :: start
[INFO ] 2022-05-06 11:22:02.759 - ReferralServiceImpl :: saveReferral  :: executed
[INFO ] 2022-05-06 11:22:02.759 - ReferralRepositoryImpl :: save  :: start
[INFO ] 2022-05-06 11:22:20.145 - ReferralController :: createReferralForm :: start
[INFO ] 2022-05-06 11:22:20.145 - EmployeeServiceImpl ::getAllEmployees  :: executed
[INFO ] 2022-05-06 11:22:20.145 - EmployeeRepositoryImpl :: findAll  :: start
[INFO ] 2022-05-06 11:22:20.158 - EmployeeRepositoryImpl :: findAll  :: end
[INFO ] 2022-05-06 11:22:20.158 - ReferralController :: createReferralForm :: end
[INFO ] 2022-05-06 11:22:33.915 - ReferralController :: saveReferral :: start
[INFO ] 2022-05-06 11:22:33.915 - ReferralServiceImpl :: saveReferral  :: executed
[INFO ] 2022-05-06 11:22:33.915 - ReferralRepositoryImpl :: save  :: start
[INFO ] 2022-05-06 12:49:43.672 - Starting ErbApplication using Java 11.0.14 on c-59Q4RV2 with PID 15024 (C:\Users\t0263271\Desktop\erb-Intern-main\erb-Intern-main\target\classes started by t0263271 in C:\Users\t0263271\Desktop\erb-Intern-main\erb-Intern-main)
[DEBUG] 2022-05-06 12:49:43.681 - Running with Spring Boot v2.6.5, Spring v5.3.17
[INFO ] 2022-05-06 12:49:43.682 - No active profile set, falling back to 1 default profile: "default"
[INFO ] 2022-05-06 12:49:50.233 - Started ErbApplication in 7.038 seconds (JVM running for 8.741)
[DEBUG] 2022-05-06 12:49:50.236 - Hello from Log4j 2 - num : [1, 2, 3, 4, 5]
[DEBUG] 2022-05-06 12:49:50.237 - Hello from Log4j 2 - num : [1, 2, 3, 4, 5]
[INFO ] 2022-05-06 12:49:50.237 - Welcome
[INFO ] 2022-05-06 12:50:04.601 - UserController ::login  :: start
[INFO ] 2022-05-06 12:50:04.603 - UserController :: login :: end
[INFO ] 2022-05-06 12:50:11.231 - UserController :: login  :: start
[INFO ] 2022-05-06 12:50:11.591 - UserController ::login  :: end
[INFO ] 2022-05-06 12:50:11.612 - EmployeeController :: viewDashboard :: start
[INFO ] 2022-05-06 12:50:11.613 - ReferralServiceImpl :: getAllReferrals  :: executed
[INFO ] 2022-05-06 12:50:11.648 - ReferralRepositoryImpl :: findAll  :: start
[INFO ] 2022-05-06 12:50:11.812 - ReferralRepositoryImpl :: findAll  :: end
[INFO ] 2022-05-06 12:50:11.813 - EmployeeServiceImpl ::getAllEmployees  :: executed
[INFO ] 2022-05-06 12:50:11.829 - EmployeeRepositoryImpl :: findAll  :: start
[INFO ] 2022-05-06 12:50:11.860 - EmployeeRepositoryImpl :: findAll  :: end
[INFO ] 2022-05-06 12:50:11.862 - EmployeeController :: viewDashboard :: end
[INFO ] 2022-05-06 12:50:14.565 - EmployeeController :: listEmployees :: start
[INFO ] 2022-05-06 12:50:14.566 - EmployeeServiceImpl ::getAllEmployees  :: executed
[INFO ] 2022-05-06 12:50:14.566 - EmployeeRepositoryImpl :: findAll  :: start
[INFO ] 2022-05-06 12:50:14.607 - EmployeeRepositoryImpl :: findAll  :: end
[INFO ] 2022-05-06 12:50:14.608 - EmployeeController :: listEmployees :: end
[INFO ] 2022-05-06 12:52:35.061 - Starting ErbApplication using Java 11.0.14 on c-59Q4RV2 with PID 11684 (C:\Users\t0263271\Desktop\erb-Intern-main\erb-Intern-main\target\classes started by t0263271 in C:\Users\t0263271\Desktop\erb-Intern-main\erb-Intern-main)
[DEBUG] 2022-05-06 12:52:35.079 - Running with Spring Boot v2.6.5, Spring v5.3.17
[INFO ] 2022-05-06 12:52:35.081 - No active profile set, falling back to 1 default profile: "default"
[INFO ] 2022-05-06 12:52:41.782 - Started ErbApplication in 7.305 seconds (JVM running for 9.271)
[DEBUG] 2022-05-06 12:52:41.786 - Hello from Log4j 2 - num : [1, 2, 3, 4, 5]
[DEBUG] 2022-05-06 12:52:41.787 - Hello from Log4j 2 - num : [1, 2, 3, 4, 5]
[INFO ] 2022-05-06 12:52:41.787 - Welcome
[INFO ] 2022-05-06 12:52:46.481 - EmployeeController :: listEmployees :: start
[INFO ] 2022-05-06 12:52:46.482 - EmployeeServiceImpl ::getAllEmployees  :: executed
[INFO ] 2022-05-06 12:52:46.520 - EmployeeRepositoryImpl :: findAll  :: start
[INFO ] 2022-05-06 12:52:46.917 - EmployeeRepositoryImpl :: findAll  :: end
[INFO ] 2022-05-06 12:52:46.918 - EmployeeController :: listEmployees :: end
[INFO ] 2022-05-06 12:58:02.304 - EmployeeController :: listEmployees :: start
[INFO ] 2022-05-06 12:58:02.305 - EmployeeServiceImpl ::getAllEmployees  :: executed
[INFO ] 2022-05-06 12:58:02.306 - EmployeeRepositoryImpl :: findAll  :: start
[INFO ] 2022-05-06 12:58:02.340 - EmployeeRepositoryImpl :: findAll  :: end
[INFO ] 2022-05-06 12:58:02.341 - EmployeeController :: listEmployees :: end
[INFO ] 2022-05-06 12:58:27.273 - EmployeeController :: listEmployees :: start
[INFO ] 2022-05-06 12:58:27.273 - EmployeeServiceImpl ::getAllEmployees  :: executed
[INFO ] 2022-05-06 12:58:27.274 - EmployeeRepositoryImpl :: findAll  :: start
[INFO ] 2022-05-06 12:58:27.307 - EmployeeRepositoryImpl :: findAll  :: end
[INFO ] 2022-05-06 12:58:27.307 - EmployeeController :: listEmployees :: end
[INFO ] 2022-05-06 12:58:43.708 - Starting ErbApplication using Java 11.0.14 on c-59Q4RV2 with PID 3548 (C:\Users\t0263271\Desktop\erb-Intern-main\erb-Intern-main\target\classes started by t0263271 in C:\Users\t0263271\Desktop\erb-Intern-main\erb-Intern-main)
[DEBUG] 2022-05-06 12:58:43.735 - Running with Spring Boot v2.6.5, Spring v5.3.17
[INFO ] 2022-05-06 12:58:43.737 - No active profile set, falling back to 1 default profile: "default"
[INFO ] 2022-05-06 12:58:50.116 - Started ErbApplication in 7.015 seconds (JVM running for 8.817)
[DEBUG] 2022-05-06 12:58:50.125 - Hello from Log4j 2 - num : [1, 2, 3, 4, 5]
[DEBUG] 2022-05-06 12:58:50.127 - Hello from Log4j 2 - num : [1, 2, 3, 4, 5]
[INFO ] 2022-05-06 12:58:50.128 - Welcome
[INFO ] 2022-05-06 12:58:53.137 - EmployeeController :: listEmployees :: start
[INFO ] 2022-05-06 12:58:53.139 - EmployeeServiceImpl ::getAllEmployees  :: executed
[INFO ] 2022-05-06 12:58:53.180 - EmployeeRepositoryImpl :: findAll  :: start
[INFO ] 2022-05-06 12:58:53.552 - EmployeeRepositoryImpl :: findAll  :: end
[INFO ] 2022-05-06 12:58:53.553 - EmployeeController :: listEmployees :: end
[INFO ] 2022-05-06 15:01:33.094 - Starting ErbApplication using Java 11.0.14 on c-59Q4RV2 with PID 4084 (C:\Users\t0263271\Desktop\erb-Intern-main\erb-Intern-main\target\classes started by t0263271 in C:\Users\t0263271\Desktop\erb-Intern-main\erb-Intern-main)
[DEBUG] 2022-05-06 15:01:33.108 - Running with Spring Boot v2.6.5, Spring v5.3.17
[INFO ] 2022-05-06 15:01:33.109 - No active profile set, falling back to 1 default profile: "default"
[INFO ] 2022-05-06 15:01:39.420 - Started ErbApplication in 6.883 seconds (JVM running for 8.502)
[DEBUG] 2022-05-06 15:01:39.427 - Hello from Log4j 2 - num : [1, 2, 3, 4, 5]
[DEBUG] 2022-05-06 15:01:39.428 - Hello from Log4j 2 - num : [1, 2, 3, 4, 5]
[INFO ] 2022-05-06 15:01:39.429 - Welcome
[INFO ] 2022-05-06 15:02:31.382 - EmployeeController :: listEmployees :: start
[INFO ] 2022-05-06 15:02:31.383 - EmployeeServiceImpl ::getAllEmployees  :: executed
[INFO ] 2022-05-06 15:02:31.410 - EmployeeRepositoryImpl :: findAll  :: start
[INFO ] 2022-05-06 15:02:31.752 - EmployeeRepositoryImpl :: findAll  :: end
[INFO ] 2022-05-06 15:02:31.754 - EmployeeController :: listEmployees :: end
[INFO ] 2022-05-06 15:03:27.316 - EmployeeController :: listEmployees :: start
[INFO ] 2022-05-06 15:03:27.317 - EmployeeServiceImpl ::getAllEmployees  :: executed
[INFO ] 2022-05-06 15:03:27.317 - EmployeeRepositoryImpl :: findAll  :: start
[INFO ] 2022-05-06 15:03:27.346 - EmployeeRepositoryImpl :: findAll  :: end
[INFO ] 2022-05-06 15:03:27.347 - EmployeeController :: listEmployees :: end
[INFO ] 2022-05-06 15:04:21.043 - EmployeeController :: listEmployees :: start
[INFO ] 2022-05-06 15:04:21.043 - EmployeeServiceImpl ::getAllEmployees  :: executed
[INFO ] 2022-05-06 15:04:21.044 - EmployeeRepositoryImpl :: findAll  :: start
[INFO ] 2022-05-06 15:04:21.074 - EmployeeRepositoryImpl :: findAll  :: end
[INFO ] 2022-05-06 15:04:21.074 - EmployeeController :: listEmployees :: end
[INFO ] 2022-05-06 15:04:52.084 - EmployeeController :: listEmployees :: start
[INFO ] 2022-05-06 15:04:52.084 - EmployeeServiceImpl ::getAllEmployees  :: executed
[INFO ] 2022-05-06 15:04:52.084 - EmployeeRepositoryImpl :: findAll  :: start
[INFO ] 2022-05-06 15:04:52.112 - EmployeeRepositoryImpl :: findAll  :: end
[INFO ] 2022-05-06 15:04:52.112 - EmployeeController :: listEmployees :: end
[INFO ] 2022-05-06 15:05:18.490 - EmployeeController :: listEmployees :: start
[INFO ] 2022-05-06 15:05:18.491 - EmployeeServiceImpl ::getAllEmployees  :: executed
[INFO ] 2022-05-06 15:05:18.491 - EmployeeRepositoryImpl :: findAll  :: start
[INFO ] 2022-05-06 15:05:18.537 - EmployeeRepositoryImpl :: findAll  :: end
[INFO ] 2022-05-06 15:05:18.537 - EmployeeController :: listEmployees :: end
[INFO ] 2022-05-06 15:05:42.094 - EmployeeController :: listEmployees :: start
[INFO ] 2022-05-06 15:05:42.095 - EmployeeServiceImpl ::getAllEmployees  :: executed
[INFO ] 2022-05-06 15:05:42.095 - EmployeeRepositoryImpl :: findAll  :: start
[INFO ] 2022-05-06 15:05:42.119 - EmployeeRepositoryImpl :: findAll  :: end
[INFO ] 2022-05-06 15:05:42.119 - EmployeeController :: listEmployees :: end
[INFO ] 2022-05-06 15:05:56.465 - EmployeeController :: listEmployees :: start
[INFO ] 2022-05-06 15:05:56.466 - EmployeeServiceImpl ::getAllEmployees  :: executed
[INFO ] 2022-05-06 15:05:56.466 - EmployeeRepositoryImpl :: findAll  :: start
[INFO ] 2022-05-06 15:05:56.493 - EmployeeRepositoryImpl :: findAll  :: end
[INFO ] 2022-05-06 15:05:56.493 - EmployeeController :: listEmployees :: end
[INFO ] 2022-05-06 15:06:04.718 - Starting ErbApplication using Java 11.0.14 on c-59Q4RV2 with PID 17196 (C:\Users\t0263271\Desktop\erb-Intern-main\erb-Intern-main\target\classes started by t0263271 in C:\Users\t0263271\Desktop\erb-Intern-main\erb-Intern-main)
[DEBUG] 2022-05-06 15:06:04.729 - Running with Spring Boot v2.6.5, Spring v5.3.17
[INFO ] 2022-05-06 15:06:04.730 - No active profile set, falling back to 1 default profile: "default"
[INFO ] 2022-05-06 15:06:10.528 - Started ErbApplication in 6.291 seconds (JVM running for 7.59)
[DEBUG] 2022-05-06 15:06:10.535 - Hello from Log4j 2 - num : [1, 2, 3, 4, 5]
[DEBUG] 2022-05-06 15:06:10.536 - Hello from Log4j 2 - num : [1, 2, 3, 4, 5]
[INFO ] 2022-05-06 15:06:10.537 - Welcome
[INFO ] 2022-05-06 15:06:14.263 - EmployeeController :: listEmployees :: start
[INFO ] 2022-05-06 15:06:14.264 - EmployeeServiceImpl ::getAllEmployees  :: executed
[INFO ] 2022-05-06 15:06:14.285 - EmployeeRepositoryImpl :: findAll  :: start
[INFO ] 2022-05-06 15:06:14.646 - EmployeeRepositoryImpl :: findAll  :: end
[INFO ] 2022-05-06 15:06:14.646 - EmployeeController :: listEmployees :: end
[INFO ] 2022-05-06 15:07:21.433 - Starting ErbApplication using Java 11.0.14 on c-59Q4RV2 with PID 13000 (C:\Users\t0263271\Desktop\erb-Intern-main\erb-Intern-main\target\classes started by t0263271 in C:\Users\t0263271\Desktop\erb-Intern-main\erb-Intern-main)
[DEBUG] 2022-05-06 15:07:21.446 - Running with Spring Boot v2.6.5, Spring v5.3.17
[INFO ] 2022-05-06 15:07:21.446 - No active profile set, falling back to 1 default profile: "default"
[INFO ] 2022-05-06 15:07:27.321 - Started ErbApplication in 6.412 seconds (JVM running for 7.802)
[DEBUG] 2022-05-06 15:07:27.325 - Hello from Log4j 2 - num : [1, 2, 3, 4, 5]
[DEBUG] 2022-05-06 15:07:27.326 - Hello from Log4j 2 - num : [1, 2, 3, 4, 5]
[INFO ] 2022-05-06 15:07:27.328 - Welcome
[INFO ] 2022-05-06 15:07:33.435 - EmployeeController :: listEmployees :: start
[INFO ] 2022-05-06 15:07:33.436 - EmployeeServiceImpl ::getAllEmployees  :: executed
[INFO ] 2022-05-06 15:07:33.459 - EmployeeRepositoryImpl :: findAll  :: start
[INFO ] 2022-05-06 15:07:33.826 - EmployeeRepositoryImpl :: findAll  :: end
[INFO ] 2022-05-06 15:07:33.827 - EmployeeController :: listEmployees :: end
[INFO ] 2022-05-06 15:08:28.618 - EmployeeController :: listEmployees :: start
[INFO ] 2022-05-06 15:08:28.619 - EmployeeServiceImpl ::getAllEmployees  :: executed
[INFO ] 2022-05-06 15:08:28.620 - EmployeeRepositoryImpl :: findAll  :: start
[INFO ] 2022-05-06 15:08:28.652 - EmployeeRepositoryImpl :: findAll  :: end
[INFO ] 2022-05-06 15:08:28.653 - EmployeeController :: listEmployees :: end
[INFO ] 2022-05-06 15:12:44.613 - EmployeeController :: listEmployees :: start
[INFO ] 2022-05-06 15:12:44.613 - EmployeeServiceImpl ::getAllEmployees  :: executed
[INFO ] 2022-05-06 15:12:44.613 - EmployeeRepositoryImpl :: findAll  :: start
[INFO ] 2022-05-06 15:12:44.647 - EmployeeRepositoryImpl :: findAll  :: end
[INFO ] 2022-05-06 15:12:44.647 - EmployeeController :: listEmployees :: end
[INFO ] 2022-05-06 15:12:48.402 - EmployeeController :: deleteEmployee :: start
[INFO ] 2022-05-06 15:12:48.403 - EmployeeServiceImpl :: DeleteEmployeebyId  :: executed
[INFO ] 2022-05-06 15:12:48.404 - EmployeeRepositoryImpl :: deleteById  :: start
[INFO ] 2022-05-06 15:12:48.493 - EmployeeRepositoryImpl ::deleteById :: end
[INFO ] 2022-05-06 15:12:48.494 - EmployeeController :: deleteEmployee :: end
[INFO ] 2022-05-06 15:12:48.508 - EmployeeController :: listEmployees :: start
[INFO ] 2022-05-06 15:12:48.509 - EmployeeServiceImpl ::getAllEmployees  :: executed
[INFO ] 2022-05-06 15:12:48.509 - EmployeeRepositoryImpl :: findAll  :: start
[INFO ] 2022-05-06 15:12:48.537 - EmployeeRepositoryImpl :: findAll  :: end
[INFO ] 2022-05-06 15:12:48.538 - EmployeeController :: listEmployees :: end
[INFO ] 2022-05-06 15:13:05.623 - EmployeeController :: createEmployeeForm :: start
[INFO ] 2022-05-06 15:13:05.624 - EmployeeController :: createEmployeeForm :: end
[INFO ] 2022-05-06 15:13:13.606 - EmployeeController :: saveEmployee :: start
[INFO ] 2022-05-06 15:13:13.607 - EmployeeServiceImpl :: saveEmployee  :: executed
[INFO ] 2022-05-06 15:13:13.607 - EmployeeRepositoryImpl :: save  :: start
[INFO ] 2022-05-06 15:13:13.628 - EmployeeRepositoryImpl :: save  :: end
[INFO ] 2022-05-06 15:13:13.629 - EmployeeController :: saveEmployee :: end
[INFO ] 2022-05-06 15:13:13.636 - EmployeeController :: listEmployees :: start
[INFO ] 2022-05-06 15:13:13.636 - EmployeeServiceImpl ::getAllEmployees  :: executed
[INFO ] 2022-05-06 15:13:13.636 - EmployeeRepositoryImpl :: findAll  :: start
[INFO ] 2022-05-06 15:13:13.654 - EmployeeRepositoryImpl :: findAll  :: end
[INFO ] 2022-05-06 15:13:13.654 - EmployeeController :: listEmployees :: end
[INFO ] 2022-05-06 16:03:35.022 - EmployeeController :: listEmployees :: start
[INFO ] 2022-05-06 16:03:35.023 - EmployeeServiceImpl ::getAllEmployees  :: executed
[INFO ] 2022-05-06 16:03:35.023 - EmployeeRepositoryImpl :: findAll  :: start
[INFO ] 2022-05-06 16:03:35.053 - EmployeeRepositoryImpl :: findAll  :: end
[INFO ] 2022-05-06 16:03:35.053 - EmployeeController :: listEmployees :: end
[INFO ] 2022-05-06 16:04:40.983 - EmployeeController :: listEmployees :: start
[INFO ] 2022-05-06 16:04:40.984 - EmployeeServiceImpl ::getAllEmployees  :: executed
[INFO ] 2022-05-06 16:04:40.984 - EmployeeRepositoryImpl :: findAll  :: start
[INFO ] 2022-05-06 16:04:41.006 - EmployeeRepositoryImpl :: findAll  :: end
[INFO ] 2022-05-06 16:04:41.006 - EmployeeController :: listEmployees :: end
